Using pre-set license
Built from '2022.1/staging' branch; Version is '2022.1.3f1 (1cedbfe38737) revision 1895871'; Using compiler version '192829333'; Build Type 'Release'
OS: 'Windows 10  (10.0.19045) 64bit Core' Language: 'zh' Physical Memory: 32552 MB
BatchMode: 1, IsHumanControllingUs: 0, StartBugReporterOnCrash: 0, Is64bit: 1, IsPro: 1

COMMAND LINE ARGUMENTS:
F:\Unity\2022.1.3f1\Editor\Unity.exe
-adb2
-batchMode
-noUpm
-name
AssetImportWorker6
-projectPath
C:/Users/g1896/OneDrive/桌面/chengbao (3)
-logFile
Logs/AssetImportWorker6.log
-srvPort
56194
Successfully changed project path to: C:/Users/g1896/OneDrive/桌面/chengbao (3)
C:/Users/g1896/OneDrive/桌面/chengbao (3)
[UnityMemory] Configuration Parameters - Can be set up in boot.config
    "memorysetup-bucket-allocator-granularity=16"
    "memorysetup-bucket-allocator-bucket-count=8"
    "memorysetup-bucket-allocator-block-size=33554432"
    "memorysetup-bucket-allocator-block-count=8"
    "memorysetup-main-allocator-block-size=16777216"
    "memorysetup-thread-allocator-block-size=16777216"
    "memorysetup-gfx-main-allocator-block-size=16777216"
    "memorysetup-gfx-thread-allocator-block-size=16777216"
    "memorysetup-cache-allocator-block-size=4194304"
    "memorysetup-typetree-allocator-block-size=2097152"
    "memorysetup-profiler-bucket-allocator-granularity=16"
    "memorysetup-profiler-bucket-allocator-bucket-count=8"
    "memorysetup-profiler-bucket-allocator-block-size=33554432"
    "memorysetup-profiler-bucket-allocator-block-count=8"
    "memorysetup-profiler-allocator-block-size=16777216"
    "memorysetup-profiler-editor-allocator-block-size=1048576"
    "memorysetup-temp-allocator-size-main=16777216"
    "memorysetup-job-temp-allocator-block-size=2097152"
    "memorysetup-job-temp-allocator-block-size-background=1048576"
    "memorysetup-job-temp-allocator-reduction-small-platforms=262144"
    "memorysetup-temp-allocator-size-background-worker=32768"
    "memorysetup-temp-allocator-size-job-worker=262144"
    "memorysetup-temp-allocator-size-preload-manager=33554432"
    "memorysetup-temp-allocator-size-nav-mesh-worker=65536"
    "memorysetup-temp-allocator-size-audio-worker=65536"
    "memorysetup-temp-allocator-size-cloud-worker=32768"
    "memorysetup-temp-allocator-size-gi-baking-worker=262144"
    "memorysetup-temp-allocator-size-gfx=262144"
Refreshing native plugins compatible for Editor in 104.96 ms, found 3 plugins.
Preloading 0 native plugins for Editor in 0.00 ms.
Initialize engine version: 2022.1.3f1 (1cedbfe38737)
[Subsystems] Discovering subsystems at path F:/Unity/2022.1.3f1/Editor/Data/Resources/UnitySubsystems
[Subsystems] Discovering subsystems at path C:/Users/g1896/OneDrive/桌面/chengbao (3)/Assets
GfxDevice: creating device client; threaded=0; jobified=0
Direct3D:
    Version:  Direct3D 11.0 [level 11.1]
    Renderer: Radeon (TM) RX 470 Graphics (ID=0x67df)
    Vendor:   ATI
    VRAM:     4074 MB
    Driver:   31.0.12029.7019
Initialize mono
Mono path[0] = 'F:/Unity/2022.1.3f1/Editor/Data/Managed'
Mono path[1] = 'F:/Unity/2022.1.3f1/Editor/Data/MonoBleedingEdge/lib/mono/unityjit-win32'
Mono config path = 'F:/Unity/2022.1.3f1/Editor/Data/MonoBleedingEdge/etc'
Using monoOptions --debugger-agent=transport=dt_socket,embedding=1,server=y,suspend=n,address=127.0.0.1:56780
Begin MonoManager ReloadAssembly
Registering precompiled unity dll's ...
Register platform support module: F:/Unity/2022.1.3f1/Editor/Data/PlaybackEngines/WindowsStandaloneSupport/UnityEditor.WindowsStandalone.Extensions.dll
Registered in 0.002960 seconds.
Native extension for WindowsStandalone target not found
Refreshing native plugins compatible for Editor in 83.49 ms, found 3 plugins.
Preloading 0 native plugins for Editor in 0.00 ms.
Mono: successfully reloaded assembly
- Completed reload, in  0.639 seconds
Domain Reload Profiling:
	ReloadAssembly (639ms)
		BeginReloadAssembly (64ms)
			ExecutionOrderSort (0ms)
			DisableScriptedObjects (0ms)
			BackupInstance (0ms)
			ReleaseScriptingObjects (0ms)
			CreateAndSetChildDomain (1ms)
		EndReloadAssembly (487ms)
			LoadAssemblies (63ms)
			RebuildTransferFunctionScriptingTraits (0ms)
			SetupTypeCache (96ms)
				TypeCache.Initialize (96ms)
					TypeCache.ScanAssembly (94ms)
				ResolveRequiredComponents (0ms)
			ReleaseScriptCaches (0ms)
			RebuildScriptCaches (51ms)
			SetupLoadedEditorAssemblies (286ms)
				LogAssemblyErrors (0ms)
				InitializePlatformSupportModulesInManaged (8ms)
				SetLoadedEditorAssemblies (7ms)
				RefreshPlugins (84ms)
				BeforeProcessingInitializeOnLoad (1ms)
				ProcessInitializeOnLoadAttributes (141ms)
				ProcessInitializeOnLoadMethodAttributes (45ms)
				AfterProcessingInitializeOnLoad (0ms)
				EditorAssembliesLoaded (0ms)
			ExecutionOrderSort2 (0ms)
			AwakeInstancesAfterBackupRestoration (0ms)
Platform modules already initialized, skipping
Registering precompiled user dll's ...
Registered in 0.005441 seconds.
Begin MonoManager ReloadAssembly
Native extension for WindowsStandalone target not found
Refreshing native plugins compatible for Editor in 1.61 ms, found 3 plugins.
Preloading 0 native plugins for Editor in 0.00 ms.
Package Manager log level set to [2]
[Package Manager] Server::EnsureServerProcessIsRunning -- launch failed, reason: Unity was launched with the -noUpm command-line argument
[Package Manager] UpmClient::Send -- Unable to send message (not connected to UPM process).
[Package Manager] Cannot connect to Unity Package Manager local server
Mono: successfully reloaded assembly
- Completed reload, in  1.007 seconds
Domain Reload Profiling:
	ReloadAssembly (1008ms)
		BeginReloadAssembly (120ms)
			ExecutionOrderSort (0ms)
			DisableScriptedObjects (6ms)
			BackupInstance (0ms)
			ReleaseScriptingObjects (0ms)
			CreateAndSetChildDomain (24ms)
		EndReloadAssembly (787ms)
			LoadAssemblies (77ms)
			RebuildTransferFunctionScriptingTraits (0ms)
			SetupTypeCache (178ms)
				TypeCache.Initialize (174ms)
					TypeCache.ScanAssembly (170ms)
				ResolveRequiredComponents (4ms)
			ReleaseScriptCaches (0ms)
			RebuildScriptCaches (48ms)
			SetupLoadedEditorAssemblies (430ms)
				LogAssemblyErrors (0ms)
				InitializePlatformSupportModulesInManaged (4ms)
				SetLoadedEditorAssemblies (8ms)
				RefreshPlugins (2ms)
				BeforeProcessingInitializeOnLoad (65ms)
				ProcessInitializeOnLoadAttributes (217ms)
				ProcessInitializeOnLoadMethodAttributes (131ms)
				AfterProcessingInitializeOnLoad (2ms)
				EditorAssembliesLoaded (0ms)
			ExecutionOrderSort2 (0ms)
			AwakeInstancesAfterBackupRestoration (6ms)
Platform modules already initialized, skipping
========================================================================
Worker process is ready to serve import requests
Launched and connected shader compiler UnityShaderCompiler.exe after 0.05 seconds
Refreshing native plugins compatible for Editor in 1.44 ms, found 3 plugins.
Preloading 0 native plugins for Editor in 0.00 ms.
Unloading 2486 Unused Serialized files (Serialized files now loaded: 0)
Unloading 60 unused Assets / (77.2 KB). Loaded Objects now: 2955.
Memory consumption went from 426.2 MB to 426.1 MB.
Total: 6.000700 ms (FindLiveObjects: 0.326600 ms CreateObjectMapping: 0.079400 ms MarkObjects: 5.450200 ms  DeleteObjects: 0.143000 ms)

AssetImportParameters requested are different than current active one (requested -> active):
  custom:video-decoder-ogg-theora: a1e56fd34408186e4bbccfd4996cb3dc -> 
  custom:container-muxer-webm: aa71ff27fc2769a1b78a27578f13a17b -> 
  custom:container-demuxer-webm: 4f35f7cbe854078d1ac9338744f61a02 -> 
  custom:video-encoder-webm-vp8: eb34c28f22e8b96e1ab97ce403110664 -> 
  custom:audio-encoder-webm-vorbis: bf7c407c2cedff20999df2af8eb42d56 -> 
  custom:framework-win-MediaFoundation: 216162199b28c13a410421893ffa2e32 -> 
  custom:container-demuxer-ogg: 62fdf1f143b41e24485cea50d1cbac27 -> 
  custom:video-decoder-webm-vp8: 9c59270c3fd7afecdb556c50c9e8de78 -> 
  custom:audio-decoder-ogg-vorbis: bf7c407c2cedff20999df2af8eb42d56 -> 
========================================================================
Received Prepare
Registering precompiled user dll's ...
Registered in 0.005463 seconds.
Begin MonoManager ReloadAssembly
Native extension for WindowsStandalone target not found
Refreshing native plugins compatible for Editor in 1.52 ms, found 3 plugins.
Preloading 0 native plugins for Editor in 0.00 ms.
[Package Manager] Server::EnsureServerProcessIsRunning -- launch failed, reason: Unity was launched with the -noUpm command-line argument
[Package Manager] UpmClient::Send -- Unable to send message (not connected to UPM process).
[Package Manager] Cannot connect to Unity Package Manager local server
Mono: successfully reloaded assembly
- Completed reload, in  0.941 seconds
Domain Reload Profiling:
	ReloadAssembly (942ms)
		BeginReloadAssembly (118ms)
			ExecutionOrderSort (0ms)
			DisableScriptedObjects (6ms)
			BackupInstance (0ms)
			ReleaseScriptingObjects (0ms)
			CreateAndSetChildDomain (35ms)
		EndReloadAssembly (740ms)
			LoadAssemblies (72ms)
			RebuildTransferFunctionScriptingTraits (0ms)
			SetupTypeCache (171ms)
				TypeCache.Initialize (167ms)
					TypeCache.ScanAssembly (162ms)
				ResolveRequiredComponents (4ms)
			ReleaseScriptCaches (1ms)
			RebuildScriptCaches (48ms)
			SetupLoadedEditorAssemblies (399ms)
				LogAssemblyErrors (0ms)
				InitializePlatformSupportModulesInManaged (11ms)
				SetLoadedEditorAssemblies (6ms)
				RefreshPlugins (2ms)
				BeforeProcessingInitializeOnLoad (67ms)
				ProcessInitializeOnLoadAttributes (197ms)
				ProcessInitializeOnLoadMethodAttributes (113ms)
				AfterProcessingInitializeOnLoad (3ms)
				EditorAssembliesLoaded (0ms)
			ExecutionOrderSort2 (0ms)
			AwakeInstancesAfterBackupRestoration (6ms)
Platform modules already initialized, skipping
Refreshing native plugins compatible for Editor in 4.30 ms, found 3 plugins.
Preloading 0 native plugins for Editor in 0.00 ms.
Unloading 2517 Unused Serialized files (Serialized files now loaded: 0)
Unloading 62 unused Assets / (0.7 MB). Loaded Objects now: 2992.
Memory consumption went from 431.6 MB to 430.8 MB.
Total: 5.422900 ms (FindLiveObjects: 0.223100 ms CreateObjectMapping: 0.064100 ms MarkObjects: 4.781500 ms  DeleteObjects: 0.352600 ms)

AssetImportParameters requested are different than current active one (requested -> active):
  custom:video-decoder-ogg-theora: a1e56fd34408186e4bbccfd4996cb3dc -> 
  custom:container-muxer-webm: aa71ff27fc2769a1b78a27578f13a17b -> 
  custom:container-demuxer-webm: 4f35f7cbe854078d1ac9338744f61a02 -> 
  custom:video-encoder-webm-vp8: eb34c28f22e8b96e1ab97ce403110664 -> 
  custom:audio-encoder-webm-vorbis: bf7c407c2cedff20999df2af8eb42d56 -> 
  custom:framework-win-MediaFoundation: 216162199b28c13a410421893ffa2e32 -> 
  custom:container-demuxer-ogg: 62fdf1f143b41e24485cea50d1cbac27 -> 
  custom:video-decoder-webm-vp8: 9c59270c3fd7afecdb556c50c9e8de78 -> 
  custom:audio-decoder-ogg-vorbis: bf7c407c2cedff20999df2af8eb42d56 -> 
========================================================================
Received Import Request.
  Time since last request: 1506831.797237 seconds.
  path: Assets/TextMesh Pro/Fonts/LiberationSans.ttf
  artifactKey: Guid(e3265ab4bf004d28a9537516768c1c75) Importer(815301076,1909f56bfc062723c751e8b465ee728b)
Start importing Assets/TextMesh Pro/Fonts/LiberationSans.ttf using Guid(e3265ab4bf004d28a9537516768c1c75) Importer(815301076,1909f56bfc062723c751e8b465ee728b)  -> (artifact id: 'd89598702348dc7bb9dda60aeb322df9') in 0.115312 seconds 
========================================================================
Received Import Request.
  Time since last request: 0.000016 seconds.
  path: Assets/TextMesh Pro/Examples & Extras/Fonts/Oswald-Bold.ttf
  artifactKey: Guid(c9f6d0e7bc8541498c9a4799ba184ede) Importer(815301076,1909f56bfc062723c751e8b465ee728b)
Start importing Assets/TextMesh Pro/Examples & Extras/Fonts/Oswald-Bold.ttf using Guid(c9f6d0e7bc8541498c9a4799ba184ede) Importer(815301076,1909f56bfc062723c751e8b465ee728b)  -> (artifact id: '7c7d34643e19953a4c72b343a6ff5fe3') in 0.012864 seconds 
========================================================================
Received Prepare
Registering precompiled user dll's ...
Registered in 0.005120 seconds.
Begin MonoManager ReloadAssembly
Native extension for WindowsStandalone target not found
Refreshing native plugins compatible for Editor in 1.19 ms, found 3 plugins.
Preloading 0 native plugins for Editor in 0.00 ms.
[Package Manager] Server::EnsureServerProcessIsRunning -- launch failed, reason: Unity was launched with the -noUpm command-line argument
[Package Manager] UpmClient::Send -- Unable to send message (not connected to UPM process).
[Package Manager] Cannot connect to Unity Package Manager local server
Mono: successfully reloaded assembly
- Completed reload, in  0.955 seconds
Domain Reload Profiling:
	ReloadAssembly (956ms)
		BeginReloadAssembly (133ms)
			ExecutionOrderSort (0ms)
			DisableScriptedObjects (5ms)
			BackupInstance (0ms)
			ReleaseScriptingObjects (0ms)
			CreateAndSetChildDomain (39ms)
		EndReloadAssembly (737ms)
			LoadAssemblies (85ms)
			RebuildTransferFunctionScriptingTraits (0ms)
			SetupTypeCache (173ms)
				TypeCache.Initialize (169ms)
					TypeCache.ScanAssembly (164ms)
				ResolveRequiredComponents (4ms)
			ReleaseScriptCaches (2ms)
			RebuildScriptCaches (53ms)
			SetupLoadedEditorAssemblies (386ms)
				LogAssemblyErrors (0ms)
				InitializePlatformSupportModulesInManaged (10ms)
				SetLoadedEditorAssemblies (6ms)
				RefreshPlugins (1ms)
				BeforeProcessingInitializeOnLoad (58ms)
				ProcessInitializeOnLoadAttributes (190ms)
				ProcessInitializeOnLoadMethodAttributes (118ms)
				AfterProcessingInitializeOnLoad (3ms)
				EditorAssembliesLoaded (0ms)
			ExecutionOrderSort2 (0ms)
			AwakeInstancesAfterBackupRestoration (7ms)
Platform modules already initialized, skipping
Refreshing native plugins compatible for Editor in 4.25 ms, found 3 plugins.
Preloading 0 native plugins for Editor in 0.00 ms.
Unloading 2516 Unused Serialized files (Serialized files now loaded: 0)
Unloading 62 unused Assets / (0.7 MB). Loaded Objects now: 3039.
Memory consumption went from 435.6 MB to 434.8 MB.
Total: 6.073000 ms (FindLiveObjects: 0.280200 ms CreateObjectMapping: 0.075100 ms MarkObjects: 5.299300 ms  DeleteObjects: 0.417100 ms)

AssetImportParameters requested are different than current active one (requested -> active):
  custom:video-decoder-ogg-theora: a1e56fd34408186e4bbccfd4996cb3dc -> 
  custom:container-muxer-webm: aa71ff27fc2769a1b78a27578f13a17b -> 
  custom:container-demuxer-webm: 4f35f7cbe854078d1ac9338744f61a02 -> 
  custom:video-encoder-webm-vp8: eb34c28f22e8b96e1ab97ce403110664 -> 
  custom:audio-encoder-webm-vorbis: bf7c407c2cedff20999df2af8eb42d56 -> 
  custom:framework-win-MediaFoundation: 216162199b28c13a410421893ffa2e32 -> 
  custom:container-demuxer-ogg: 62fdf1f143b41e24485cea50d1cbac27 -> 
  custom:video-decoder-webm-vp8: 9c59270c3fd7afecdb556c50c9e8de78 -> 
  custom:audio-decoder-ogg-vorbis: bf7c407c2cedff20999df2af8eb42d56 -> 
========================================================================
Received Prepare
Registering precompiled user dll's ...
Registered in 0.004890 seconds.
Begin MonoManager ReloadAssembly
Native extension for WindowsStandalone target not found
Refreshing native plugins compatible for Editor in 1.19 ms, found 3 plugins.
Preloading 0 native plugins for Editor in 0.00 ms.
[Package Manager] Server::EnsureServerProcessIsRunning -- launch failed, reason: Unity was launched with the -noUpm command-line argument
[Package Manager] UpmClient::Send -- Unable to send message (not connected to UPM process).
[Package Manager] Cannot connect to Unity Package Manager local server
Mono: successfully reloaded assembly
- Completed reload, in  0.972 seconds
Domain Reload Profiling:
	ReloadAssembly (973ms)
		BeginReloadAssembly (132ms)
			ExecutionOrderSort (0ms)
			DisableScriptedObjects (7ms)
			BackupInstance (0ms)
			ReleaseScriptingObjects (0ms)
			CreateAndSetChildDomain (39ms)
		EndReloadAssembly (753ms)
			LoadAssemblies (82ms)
			RebuildTransferFunctionScriptingTraits (0ms)
			SetupTypeCache (175ms)
				TypeCache.Initialize (171ms)
					TypeCache.ScanAssembly (166ms)
				ResolveRequiredComponents (4ms)
			ReleaseScriptCaches (1ms)
			RebuildScriptCaches (48ms)
			SetupLoadedEditorAssemblies (405ms)
				LogAssemblyErrors (0ms)
				InitializePlatformSupportModulesInManaged (11ms)
				SetLoadedEditorAssemblies (6ms)
				RefreshPlugins (1ms)
				BeforeProcessingInitializeOnLoad (61ms)
				ProcessInitializeOnLoadAttributes (195ms)
				ProcessInitializeOnLoadMethodAttributes (128ms)
				AfterProcessingInitializeOnLoad (2ms)
				EditorAssembliesLoaded (0ms)
			ExecutionOrderSort2 (0ms)
			AwakeInstancesAfterBackupRestoration (6ms)
Platform modules already initialized, skipping
Refreshing native plugins compatible for Editor in 4.95 ms, found 3 plugins.
Preloading 0 native plugins for Editor in 0.00 ms.
Unloading 2517 Unused Serialized files (Serialized files now loaded: 0)
Unloading 62 unused Assets / (0.7 MB). Loaded Objects now: 3042.
Memory consumption went from 435.8 MB to 435.1 MB.
Total: 6.266700 ms (FindLiveObjects: 0.426700 ms CreateObjectMapping: 0.090300 ms MarkObjects: 5.396300 ms  DeleteObjects: 0.352100 ms)

AssetImportParameters requested are different than current active one (requested -> active):
  custom:video-decoder-ogg-theora: a1e56fd34408186e4bbccfd4996cb3dc -> 
  custom:container-muxer-webm: aa71ff27fc2769a1b78a27578f13a17b -> 
  custom:container-demuxer-webm: 4f35f7cbe854078d1ac9338744f61a02 -> 
  custom:video-encoder-webm-vp8: eb34c28f22e8b96e1ab97ce403110664 -> 
  custom:audio-encoder-webm-vorbis: bf7c407c2cedff20999df2af8eb42d56 -> 
  custom:framework-win-MediaFoundation: 216162199b28c13a410421893ffa2e32 -> 
  custom:container-demuxer-ogg: 62fdf1f143b41e24485cea50d1cbac27 -> 
  custom:video-decoder-webm-vp8: 9c59270c3fd7afecdb556c50c9e8de78 -> 
  custom:audio-decoder-ogg-vorbis: bf7c407c2cedff20999df2af8eb42d56 -> 
========================================================================
Received Import Request.
  Time since last request: 447.152623 seconds.
  path: Packages/com.unity.ads/Editor/DevX/UXML/AdsServiceGettingStarted.uxml
  artifactKey: Guid(36a0d3e3b68a24f33bc94a0305851df5) Importer(815301076,1909f56bfc062723c751e8b465ee728b)
Start importing Packages/com.unity.ads/Editor/DevX/UXML/AdsServiceGettingStarted.uxml using Guid(36a0d3e3b68a24f33bc94a0305851df5) Importer(815301076,1909f56bfc062723c751e8b465ee728b)  -> (artifact id: '86f2cbda5ee686f9633b83cc24b73e7f') in 0.020919 seconds 
========================================================================
Received Import Request.
  Time since last request: 0.258607 seconds.
  path: Assets/EasyTouchBundle/EasyTouchControls/Plugins/Editor/Resources/ETCDefaultSprite.png
  artifactKey: Guid(becfdeef1534456438d787466a94d207) Importer(815301076,1909f56bfc062723c751e8b465ee728b)
Start importing Assets/EasyTouchBundle/EasyTouchControls/Plugins/Editor/Resources/ETCDefaultSprite.png using Guid(becfdeef1534456438d787466a94d207) Importer(815301076,1909f56bfc062723c751e8b465ee728b)  -> (artifact id: '7f1b88cb6919993066e3faa8c4ee2abf') in 0.115977 seconds 
========================================================================
Received Import Request.
  Time since last request: 4.522012 seconds.
  path: Assets/EasyTouchBundle/EasyTouchControls/Plugins/ETCButton.cs
  artifactKey: Guid(ba60450c5a1202b41869d8ee7136c85f) Importer(815301076,1909f56bfc062723c751e8b465ee728b)
Start importing Assets/EasyTouchBundle/EasyTouchControls/Plugins/ETCButton.cs using Guid(ba60450c5a1202b41869d8ee7136c85f) Importer(815301076,1909f56bfc062723c751e8b465ee728b)  -> (artifact id: '2525e522a1ce964ac5a1cf7a3ba2c002') in 0.008238 seconds 
========================================================================
Received Prepare
Registering precompiled user dll's ...
Registered in 0.005309 seconds.
Begin MonoManager ReloadAssembly
Native extension for WindowsStandalone target not found
Refreshing native plugins compatible for Editor in 1.49 ms, found 3 plugins.
Preloading 0 native plugins for Editor in 0.00 ms.
[Package Manager] Server::EnsureServerProcessIsRunning -- launch failed, reason: Unity was launched with the -noUpm command-line argument
[Package Manager] UpmClient::Send -- Unable to send message (not connected to UPM process).
[Package Manager] Cannot connect to Unity Package Manager local server
Mono: successfully reloaded assembly
- Completed reload, in  1.021 seconds
Domain Reload Profiling:
	ReloadAssembly (1022ms)
		BeginReloadAssembly (129ms)
			ExecutionOrderSort (0ms)
			DisableScriptedObjects (6ms)
			BackupInstance (0ms)
			ReleaseScriptingObjects (0ms)
			CreateAndSetChildDomain (39ms)
		EndReloadAssembly (803ms)
			LoadAssemblies (95ms)
			RebuildTransferFunctionScriptingTraits (0ms)
			SetupTypeCache (179ms)
				TypeCache.Initialize (175ms)
					TypeCache.ScanAssembly (170ms)
				ResolveRequiredComponents (4ms)
			ReleaseScriptCaches (2ms)
			RebuildScriptCaches (51ms)
			SetupLoadedEditorAssemblies (428ms)
				LogAssemblyErrors (0ms)
				InitializePlatformSupportModulesInManaged (11ms)
				SetLoadedEditorAssemblies (7ms)
				RefreshPlugins (2ms)
				BeforeProcessingInitializeOnLoad (62ms)
				ProcessInitializeOnLoadAttributes (205ms)
				ProcessInitializeOnLoadMethodAttributes (139ms)
				AfterProcessingInitializeOnLoad (3ms)
				EditorAssembliesLoaded (0ms)
			ExecutionOrderSort2 (0ms)
			AwakeInstancesAfterBackupRestoration (7ms)
Platform modules already initialized, skipping
Refreshing native plugins compatible for Editor in 4.64 ms, found 3 plugins.
Preloading 0 native plugins for Editor in 0.00 ms.
Unloading 2516 Unused Serialized files (Serialized files now loaded: 0)
Unloading 62 unused Assets / (0.7 MB). Loaded Objects now: 3060.
Memory consumption went from 435.6 MB to 434.9 MB.
Total: 6.138800 ms (FindLiveObjects: 0.204600 ms CreateObjectMapping: 0.059200 ms MarkObjects: 5.455600 ms  DeleteObjects: 0.418600 ms)

AssetImportParameters requested are different than current active one (requested -> active):
  custom:video-decoder-ogg-theora: a1e56fd34408186e4bbccfd4996cb3dc -> 
  custom:container-muxer-webm: aa71ff27fc2769a1b78a27578f13a17b -> 
  custom:container-demuxer-webm: 4f35f7cbe854078d1ac9338744f61a02 -> 
  custom:video-encoder-webm-vp8: eb34c28f22e8b96e1ab97ce403110664 -> 
  custom:audio-encoder-webm-vorbis: bf7c407c2cedff20999df2af8eb42d56 -> 
  custom:framework-win-MediaFoundation: 216162199b28c13a410421893ffa2e32 -> 
  custom:container-demuxer-ogg: 62fdf1f143b41e24485cea50d1cbac27 -> 
  custom:video-decoder-webm-vp8: 9c59270c3fd7afecdb556c50c9e8de78 -> 
  custom:audio-decoder-ogg-vorbis: bf7c407c2cedff20999df2af8eb42d56 -> 
========================================================================
Received Prepare
Registering precompiled user dll's ...
Registered in 0.005168 seconds.
Begin MonoManager ReloadAssembly
Native extension for WindowsStandalone target not found
Refreshing native plugins compatible for Editor in 1.33 ms, found 3 plugins.
Preloading 0 native plugins for Editor in 0.00 ms.
[Package Manager] Server::EnsureServerProcessIsRunning -- launch failed, reason: Unity was launched with the -noUpm command-line argument
[Package Manager] UpmClient::Send -- Unable to send message (not connected to UPM process).
[Package Manager] Cannot connect to Unity Package Manager local server
Mono: successfully reloaded assembly
- Completed reload, in  0.999 seconds
Domain Reload Profiling:
	ReloadAssembly (1000ms)
		BeginReloadAssembly (129ms)
			ExecutionOrderSort (0ms)
			DisableScriptedObjects (8ms)
			BackupInstance (0ms)
			ReleaseScriptingObjects (0ms)
			CreateAndSetChildDomain (39ms)
		EndReloadAssembly (783ms)
			LoadAssemblies (82ms)
			RebuildTransferFunctionScriptingTraits (0ms)
			SetupTypeCache (183ms)
				TypeCache.Initialize (179ms)
					TypeCache.ScanAssembly (174ms)
				ResolveRequiredComponents (4ms)
			ReleaseScriptCaches (2ms)
			RebuildScriptCaches (52ms)
			SetupLoadedEditorAssemblies (410ms)
				LogAssemblyErrors (0ms)
				InitializePlatformSupportModulesInManaged (11ms)
				SetLoadedEditorAssemblies (6ms)
				RefreshPlugins (1ms)
				BeforeProcessingInitializeOnLoad (62ms)
				ProcessInitializeOnLoadAttributes (192ms)
				ProcessInitializeOnLoadMethodAttributes (134ms)
				AfterProcessingInitializeOnLoad (2ms)
				EditorAssembliesLoaded (0ms)
			ExecutionOrderSort2 (0ms)
			AwakeInstancesAfterBackupRestoration (6ms)
Platform modules already initialized, skipping
Refreshing native plugins compatible for Editor in 6.90 ms, found 3 plugins.
Preloading 0 native plugins for Editor in 0.00 ms.
Unloading 2517 Unused Serialized files (Serialized files now loaded: 0)
Unloading 62 unused Assets / (0.7 MB). Loaded Objects now: 3063.
Memory consumption went from 435.9 MB to 435.1 MB.
Total: 6.816900 ms (FindLiveObjects: 0.422500 ms CreateObjectMapping: 0.119900 ms MarkObjects: 5.782200 ms  DeleteObjects: 0.491000 ms)

AssetImportParameters requested are different than current active one (requested -> active):
  custom:video-decoder-ogg-theora: a1e56fd34408186e4bbccfd4996cb3dc -> 
  custom:container-muxer-webm: aa71ff27fc2769a1b78a27578f13a17b -> 
  custom:container-demuxer-webm: 4f35f7cbe854078d1ac9338744f61a02 -> 
  custom:video-encoder-webm-vp8: eb34c28f22e8b96e1ab97ce403110664 -> 
  custom:audio-encoder-webm-vorbis: bf7c407c2cedff20999df2af8eb42d56 -> 
  custom:framework-win-MediaFoundation: 216162199b28c13a410421893ffa2e32 -> 
  custom:container-demuxer-ogg: 62fdf1f143b41e24485cea50d1cbac27 -> 
  custom:video-decoder-webm-vp8: 9c59270c3fd7afecdb556c50c9e8de78 -> 
  custom:audio-decoder-ogg-vorbis: bf7c407c2cedff20999df2af8eb42d56 -> 
========================================================================
Received Prepare
Registering precompiled user dll's ...
Registered in 0.004753 seconds.
Begin MonoManager ReloadAssembly
Native extension for WindowsStandalone target not found
Refreshing native plugins compatible for Editor in 1.37 ms, found 3 plugins.
Preloading 0 native plugins for Editor in 0.00 ms.
[Package Manager] Server::EnsureServerProcessIsRunning -- launch failed, reason: Unity was launched with the -noUpm command-line argument
[Package Manager] UpmClient::Send -- Unable to send message (not connected to UPM process).
[Package Manager] Cannot connect to Unity Package Manager local server
Mono: successfully reloaded assembly
- Completed reload, in  1.001 seconds
Domain Reload Profiling:
	ReloadAssembly (1002ms)
		BeginReloadAssembly (149ms)
			ExecutionOrderSort (0ms)
			DisableScriptedObjects (8ms)
			BackupInstance (0ms)
			ReleaseScriptingObjects (0ms)
			CreateAndSetChildDomain (36ms)
		EndReloadAssembly (764ms)
			LoadAssemblies (130ms)
			RebuildTransferFunctionScriptingTraits (0ms)
			SetupTypeCache (171ms)
				TypeCache.Initialize (167ms)
					TypeCache.ScanAssembly (163ms)
				ResolveRequiredComponents (4ms)
			ReleaseScriptCaches (2ms)
			RebuildScriptCaches (52ms)
			SetupLoadedEditorAssemblies (386ms)
				LogAssemblyErrors (0ms)
				InitializePlatformSupportModulesInManaged (10ms)
				SetLoadedEditorAssemblies (6ms)
				RefreshPlugins (1ms)
				BeforeProcessingInitializeOnLoad (60ms)
				ProcessInitializeOnLoadAttributes (186ms)
				ProcessInitializeOnLoadMethodAttributes (120ms)
				AfterProcessingInitializeOnLoad (2ms)
				EditorAssembliesLoaded (0ms)
			ExecutionOrderSort2 (0ms)
			AwakeInstancesAfterBackupRestoration (6ms)
Platform modules already initialized, skipping
Refreshing native plugins compatible for Editor in 4.58 ms, found 3 plugins.
Preloading 0 native plugins for Editor in 0.00 ms.
Unloading 2517 Unused Serialized files (Serialized files now loaded: 0)
Unloading 62 unused Assets / (0.7 MB). Loaded Objects now: 3066.
Memory consumption went from 435.9 MB to 435.1 MB.
Total: 6.279300 ms (FindLiveObjects: 0.251300 ms CreateObjectMapping: 0.068600 ms MarkObjects: 5.530200 ms  DeleteObjects: 0.428000 ms)

AssetImportParameters requested are different than current active one (requested -> active):
  custom:video-decoder-ogg-theora: a1e56fd34408186e4bbccfd4996cb3dc -> 
  custom:container-muxer-webm: aa71ff27fc2769a1b78a27578f13a17b -> 
  custom:container-demuxer-webm: 4f35f7cbe854078d1ac9338744f61a02 -> 
  custom:video-encoder-webm-vp8: eb34c28f22e8b96e1ab97ce403110664 -> 
  custom:audio-encoder-webm-vorbis: bf7c407c2cedff20999df2af8eb42d56 -> 
  custom:framework-win-MediaFoundation: 216162199b28c13a410421893ffa2e32 -> 
  custom:container-demuxer-ogg: 62fdf1f143b41e24485cea50d1cbac27 -> 
  custom:video-decoder-webm-vp8: 9c59270c3fd7afecdb556c50c9e8de78 -> 
  custom:audio-decoder-ogg-vorbis: bf7c407c2cedff20999df2af8eb42d56 -> 
========================================================================
Received Import Request.
  Time since last request: 432.633109 seconds.
  path: Assets/Scenes/login.unity
  artifactKey: Guid(14c4123edd68dec4d9411d7f1c000bc9) Importer(815301076,1909f56bfc062723c751e8b465ee728b)
Start importing Assets/Scenes/login.unity using Guid(14c4123edd68dec4d9411d7f1c000bc9) Importer(815301076,1909f56bfc062723c751e8b465ee728b)  -> (artifact id: '1e6a4663453e7eddf47898cd68b8c838') in 0.007024 seconds 
========================================================================
Received Import Request.
  Time since last request: 1.410475 seconds.
  path: Assets/Scenes/xuanjue.unity
  artifactKey: Guid(c9154dcdbd2788f4f9951be5fe36514e) Importer(815301076,1909f56bfc062723c751e8b465ee728b)
Start importing Assets/Scenes/xuanjue.unity using Guid(c9154dcdbd2788f4f9951be5fe36514e) Importer(815301076,1909f56bfc062723c751e8b465ee728b)  -> (artifact id: '76fa1a8b25c2f25ad55b5ef73e7b4933') in 0.004179 seconds 
========================================================================
Received Import Request.
  Time since last request: 9.546697 seconds.
  path: Assets/Scenes/xuanjue.unity
  artifactKey: Guid(c9154dcdbd2788f4f9951be5fe36514e) Importer(815301076,1909f56bfc062723c751e8b465ee728b)
Start importing Assets/Scenes/xuanjue.unity using Guid(c9154dcdbd2788f4f9951be5fe36514e) Importer(815301076,1909f56bfc062723c751e8b465ee728b)  -> (artifact id: '72ecdd5bf9221bf255477a42127e2fd0') in 0.002416 seconds 
========================================================================
Received Import Request.
  Time since last request: 74.927944 seconds.
  path: Assets/Scenes/Level1.unity
  artifactKey: Guid(7f80e0516b39a9c489b385a0ae421113) Importer(815301076,1909f56bfc062723c751e8b465ee728b)
Start importing Assets/Scenes/Level1.unity using Guid(7f80e0516b39a9c489b385a0ae421113) Importer(815301076,1909f56bfc062723c751e8b465ee728b)  -> (artifact id: 'd897983eb8bf0aee84446afea36e05d6') in 0.006409 seconds 
========================================================================
Received Prepare
Registering precompiled user dll's ...
Registered in 0.005168 seconds.
Begin MonoManager ReloadAssembly
Native extension for WindowsStandalone target not found
Refreshing native plugins compatible for Editor in 2.12 ms, found 3 plugins.
Preloading 0 native plugins for Editor in 0.00 ms.
[Package Manager] Server::EnsureServerProcessIsRunning -- launch failed, reason: Unity was launched with the -noUpm command-line argument
[Package Manager] UpmClient::Send -- Unable to send message (not connected to UPM process).
[Package Manager] Cannot connect to Unity Package Manager local server
Mono: successfully reloaded assembly
- Completed reload, in  1.029 seconds
Domain Reload Profiling:
	ReloadAssembly (1030ms)
		BeginReloadAssembly (116ms)
			ExecutionOrderSort (0ms)
			DisableScriptedObjects (6ms)
			BackupInstance (0ms)
			ReleaseScriptingObjects (0ms)
			CreateAndSetChildDomain (32ms)
		EndReloadAssembly (831ms)
			LoadAssemblies (73ms)
			RebuildTransferFunctionScriptingTraits (0ms)
			SetupTypeCache (162ms)
				TypeCache.Initialize (157ms)
					TypeCache.ScanAssembly (153ms)
				ResolveRequiredComponents (4ms)
			ReleaseScriptCaches (2ms)
			RebuildScriptCaches (51ms)
			SetupLoadedEditorAssemblies (480ms)
				LogAssemblyErrors (0ms)
				InitializePlatformSupportModulesInManaged (12ms)
				SetLoadedEditorAssemblies (7ms)
				RefreshPlugins (2ms)
				BeforeProcessingInitializeOnLoad (72ms)
				ProcessInitializeOnLoadAttributes (229ms)
				ProcessInitializeOnLoadMethodAttributes (155ms)
				AfterProcessingInitializeOnLoad (2ms)
				EditorAssembliesLoaded (0ms)
			ExecutionOrderSort2 (0ms)
			AwakeInstancesAfterBackupRestoration (8ms)
Platform modules already initialized, skipping
Refreshing native plugins compatible for Editor in 4.71 ms, found 3 plugins.
Preloading 0 native plugins for Editor in 0.00 ms.
Unloading 2516 Unused Serialized files (Serialized files now loaded: 0)
Unloading 62 unused Assets / (0.7 MB). Loaded Objects now: 3069.
Memory consumption went from 435.6 MB to 434.9 MB.
Total: 6.799000 ms (FindLiveObjects: 0.486700 ms CreateObjectMapping: 0.090900 ms MarkObjects: 5.780100 ms  DeleteObjects: 0.440300 ms)

AssetImportParameters requested are different than current active one (requested -> active):
  custom:video-decoder-ogg-theora: a1e56fd34408186e4bbccfd4996cb3dc -> 
  custom:container-muxer-webm: aa71ff27fc2769a1b78a27578f13a17b -> 
  custom:container-demuxer-webm: 4f35f7cbe854078d1ac9338744f61a02 -> 
  custom:video-encoder-webm-vp8: eb34c28f22e8b96e1ab97ce403110664 -> 
  custom:audio-encoder-webm-vorbis: bf7c407c2cedff20999df2af8eb42d56 -> 
  custom:framework-win-MediaFoundation: 216162199b28c13a410421893ffa2e32 -> 
  custom:container-demuxer-ogg: 62fdf1f143b41e24485cea50d1cbac27 -> 
  custom:video-decoder-webm-vp8: 9c59270c3fd7afecdb556c50c9e8de78 -> 
  custom:audio-decoder-ogg-vorbis: bf7c407c2cedff20999df2af8eb42d56 -> 
========================================================================
Received Prepare
Registering precompiled user dll's ...
Registered in 0.005088 seconds.
Begin MonoManager ReloadAssembly
Native extension for WindowsStandalone target not found
Refreshing native plugins compatible for Editor in 2.06 ms, found 3 plugins.
Preloading 0 native plugins for Editor in 0.00 ms.
[Package Manager] Server::EnsureServerProcessIsRunning -- launch failed, reason: Unity was launched with the -noUpm command-line argument
[Package Manager] UpmClient::Send -- Unable to send message (not connected to UPM process).
[Package Manager] Cannot connect to Unity Package Manager local server
Mono: successfully reloaded assembly
- Completed reload, in  1.104 seconds
Domain Reload Profiling:
	ReloadAssembly (1105ms)
		BeginReloadAssembly (118ms)
			ExecutionOrderSort (0ms)
			DisableScriptedObjects (6ms)
			BackupInstance (0ms)
			ReleaseScriptingObjects (0ms)
			CreateAndSetChildDomain (34ms)
		EndReloadAssembly (894ms)
			LoadAssemblies (80ms)
			RebuildTransferFunctionScriptingTraits (0ms)
			SetupTypeCache (203ms)
				TypeCache.Initialize (197ms)
					TypeCache.ScanAssembly (190ms)
				ResolveRequiredComponents (5ms)
			ReleaseScriptCaches (2ms)
			RebuildScriptCaches (62ms)
			SetupLoadedEditorAssemblies (476ms)
				LogAssemblyErrors (0ms)
				InitializePlatformSupportModulesInManaged (11ms)
				SetLoadedEditorAssemblies (7ms)
				RefreshPlugins (2ms)
				BeforeProcessingInitializeOnLoad (70ms)
				ProcessInitializeOnLoadAttributes (230ms)
				ProcessInitializeOnLoadMethodAttributes (152ms)
				AfterProcessingInitializeOnLoad (2ms)
				EditorAssembliesLoaded (0ms)
			ExecutionOrderSort2 (0ms)
			AwakeInstancesAfterBackupRestoration (8ms)
Platform modules already initialized, skipping
Refreshing native plugins compatible for Editor in 5.00 ms, found 3 plugins.
Preloading 0 native plugins for Editor in 0.00 ms.
Unloading 2517 Unused Serialized files (Serialized files now loaded: 0)
Unloading 62 unused Assets / (0.7 MB). Loaded Objects now: 3072.
Memory consumption went from 435.9 MB to 435.2 MB.
Total: 6.431500 ms (FindLiveObjects: 0.233900 ms CreateObjectMapping: 0.065600 ms MarkObjects: 5.537600 ms  DeleteObjects: 0.593000 ms)

AssetImportParameters requested are different than current active one (requested -> active):
  custom:video-decoder-ogg-theora: a1e56fd34408186e4bbccfd4996cb3dc -> 
  custom:container-muxer-webm: aa71ff27fc2769a1b78a27578f13a17b -> 
  custom:container-demuxer-webm: 4f35f7cbe854078d1ac9338744f61a02 -> 
  custom:video-encoder-webm-vp8: eb34c28f22e8b96e1ab97ce403110664 -> 
  custom:audio-encoder-webm-vorbis: bf7c407c2cedff20999df2af8eb42d56 -> 
  custom:framework-win-MediaFoundation: 216162199b28c13a410421893ffa2e32 -> 
  custom:container-demuxer-ogg: 62fdf1f143b41e24485cea50d1cbac27 -> 
  custom:video-decoder-webm-vp8: 9c59270c3fd7afecdb556c50c9e8de78 -> 
  custom:audio-decoder-ogg-vorbis: bf7c407c2cedff20999df2af8eb42d56 -> 
========================================================================
Received Import Request.
  Time since last request: 344.735511 seconds.
  path: Assets/Scenes/login.unity
  artifactKey: Guid(14c4123edd68dec4d9411d7f1c000bc9) Importer(815301076,1909f56bfc062723c751e8b465ee728b)
Start importing Assets/Scenes/login.unity using Guid(14c4123edd68dec4d9411d7f1c000bc9) Importer(815301076,1909f56bfc062723c751e8b465ee728b)  -> (artifact id: '004b82e9cace688823c66ea88f0e3277') in 0.003833 seconds 
========================================================================
Received Import Request.
  Time since last request: 1.108099 seconds.
  path: Assets/Scenes/Level1.unity
  artifactKey: Guid(7f80e0516b39a9c489b385a0ae421113) Importer(815301076,1909f56bfc062723c751e8b465ee728b)
Start importing Assets/Scenes/Level1.unity using Guid(7f80e0516b39a9c489b385a0ae421113) Importer(815301076,1909f56bfc062723c751e8b465ee728b)  -> (artifact id: '9728e7811e740a66191333105ed32c3b') in 0.001890 seconds 
========================================================================
Received Prepare
Registering precompiled user dll's ...
Registered in 0.005001 seconds.
Begin MonoManager ReloadAssembly
Native extension for WindowsStandalone target not found
Refreshing native plugins compatible for Editor in 1.66 ms, found 3 plugins.
Preloading 0 native plugins for Editor in 0.00 ms.
[Package Manager] Server::EnsureServerProcessIsRunning -- launch failed, reason: Unity was launched with the -noUpm command-line argument
[Package Manager] UpmClient::Send -- Unable to send message (not connected to UPM process).
[Package Manager] Cannot connect to Unity Package Manager local server
Mono: successfully reloaded assembly
- Completed reload, in  0.939 seconds
Domain Reload Profiling:
	ReloadAssembly (939ms)
		BeginReloadAssembly (126ms)
			ExecutionOrderSort (0ms)
			DisableScriptedObjects (7ms)
			BackupInstance (0ms)
			ReleaseScriptingObjects (0ms)
			CreateAndSetChildDomain (35ms)
		EndReloadAssembly (730ms)
			LoadAssemblies (78ms)
			RebuildTransferFunctionScriptingTraits (0ms)
			SetupTypeCache (166ms)
				TypeCache.Initialize (161ms)
					TypeCache.ScanAssembly (157ms)
				ResolveRequiredComponents (4ms)
			ReleaseScriptCaches (2ms)
			RebuildScriptCaches (49ms)
			SetupLoadedEditorAssemblies (394ms)
				LogAssemblyErrors (0ms)
				InitializePlatformSupportModulesInManaged (11ms)
				SetLoadedEditorAssemblies (7ms)
				RefreshPlugins (2ms)
				BeforeProcessingInitializeOnLoad (59ms)
				ProcessInitializeOnLoadAttributes (188ms)
				ProcessInitializeOnLoadMethodAttributes (126ms)
				AfterProcessingInitializeOnLoad (2ms)
				EditorAssembliesLoaded (0ms)
			ExecutionOrderSort2 (0ms)
			AwakeInstancesAfterBackupRestoration (6ms)
Platform modules already initialized, skipping
Refreshing native plugins compatible for Editor in 4.29 ms, found 3 plugins.
Preloading 0 native plugins for Editor in 0.00 ms.
Unloading 2516 Unused Serialized files (Serialized files now loaded: 0)
Unloading 62 unused Assets / (0.7 MB). Loaded Objects now: 3075.
Memory consumption went from 435.7 MB to 434.9 MB.
Total: 6.115400 ms (FindLiveObjects: 0.279300 ms CreateObjectMapping: 0.059200 ms MarkObjects: 5.311300 ms  DeleteObjects: 0.463800 ms)

AssetImportParameters requested are different than current active one (requested -> active):
  custom:video-decoder-ogg-theora: a1e56fd34408186e4bbccfd4996cb3dc -> 
  custom:container-muxer-webm: aa71ff27fc2769a1b78a27578f13a17b -> 
  custom:container-demuxer-webm: 4f35f7cbe854078d1ac9338744f61a02 -> 
  custom:video-encoder-webm-vp8: eb34c28f22e8b96e1ab97ce403110664 -> 
  custom:audio-encoder-webm-vorbis: bf7c407c2cedff20999df2af8eb42d56 -> 
  custom:framework-win-MediaFoundation: 216162199b28c13a410421893ffa2e32 -> 
  custom:container-demuxer-ogg: 62fdf1f143b41e24485cea50d1cbac27 -> 
  custom:video-decoder-webm-vp8: 9c59270c3fd7afecdb556c50c9e8de78 -> 
  custom:audio-decoder-ogg-vorbis: bf7c407c2cedff20999df2af8eb42d56 -> 
========================================================================
Received Import Request.
  Time since last request: 193.078500 seconds.
  path: Assets/Scripts/Enemy/EnemyMove.cs
  artifactKey: Guid(568fcb33475253c4c952107ea9242a45) Importer(815301076,1909f56bfc062723c751e8b465ee728b)
Start importing Assets/Scripts/Enemy/EnemyMove.cs using Guid(568fcb33475253c4c952107ea9242a45) Importer(815301076,1909f56bfc062723c751e8b465ee728b)  -> (artifact id: '8d1a319468b8a20af5505e256c00817d') in 0.007949 seconds 
========================================================================
Received Prepare
Registering precompiled user dll's ...
Registered in 0.005539 seconds.
Begin MonoManager ReloadAssembly
Native extension for WindowsStandalone target not found
Refreshing native plugins compatible for Editor in 1.58 ms, found 3 plugins.
Preloading 0 native plugins for Editor in 0.00 ms.
[Package Manager] Server::EnsureServerProcessIsRunning -- launch failed, reason: Unity was launched with the -noUpm command-line argument
[Package Manager] UpmClient::Send -- Unable to send message (not connected to UPM process).
[Package Manager] Cannot connect to Unity Package Manager local server
Mono: successfully reloaded assembly
- Completed reload, in  0.925 seconds
Domain Reload Profiling:
	ReloadAssembly (926ms)
		BeginReloadAssembly (121ms)
			ExecutionOrderSort (0ms)
			DisableScriptedObjects (7ms)
			BackupInstance (0ms)
			ReleaseScriptingObjects (0ms)
			CreateAndSetChildDomain (34ms)
		EndReloadAssembly (721ms)
			LoadAssemblies (75ms)
			RebuildTransferFunctionScriptingTraits (0ms)
			SetupTypeCache (165ms)
				TypeCache.Initialize (161ms)
					TypeCache.ScanAssembly (157ms)
				ResolveRequiredComponents (4ms)
			ReleaseScriptCaches (2ms)
			RebuildScriptCaches (49ms)
			SetupLoadedEditorAssemblies (387ms)
				LogAssemblyErrors (0ms)
				InitializePlatformSupportModulesInManaged (11ms)
				SetLoadedEditorAssemblies (6ms)
				RefreshPlugins (2ms)
				BeforeProcessingInitializeOnLoad (60ms)
				ProcessInitializeOnLoadAttributes (187ms)
				ProcessInitializeOnLoadMethodAttributes (119ms)
				AfterProcessingInitializeOnLoad (3ms)
				EditorAssembliesLoaded (0ms)
			ExecutionOrderSort2 (0ms)
			AwakeInstancesAfterBackupRestoration (6ms)
Platform modules already initialized, skipping
Refreshing native plugins compatible for Editor in 4.26 ms, found 3 plugins.
Preloading 0 native plugins for Editor in 0.00 ms.
Unloading 2516 Unused Serialized files (Serialized files now loaded: 0)
Unloading 62 unused Assets / (0.7 MB). Loaded Objects now: 3078.
Memory consumption went from 435.7 MB to 434.9 MB.
Total: 5.835700 ms (FindLiveObjects: 0.212100 ms CreateObjectMapping: 0.067000 ms MarkObjects: 5.146600 ms  DeleteObjects: 0.408700 ms)

AssetImportParameters requested are different than current active one (requested -> active):
  custom:video-decoder-ogg-theora: a1e56fd34408186e4bbccfd4996cb3dc -> 
  custom:container-muxer-webm: aa71ff27fc2769a1b78a27578f13a17b -> 
  custom:container-demuxer-webm: 4f35f7cbe854078d1ac9338744f61a02 -> 
  custom:video-encoder-webm-vp8: eb34c28f22e8b96e1ab97ce403110664 -> 
  custom:audio-encoder-webm-vorbis: bf7c407c2cedff20999df2af8eb42d56 -> 
  custom:framework-win-MediaFoundation: 216162199b28c13a410421893ffa2e32 -> 
  custom:container-demuxer-ogg: 62fdf1f143b41e24485cea50d1cbac27 -> 
  custom:video-decoder-webm-vp8: 9c59270c3fd7afecdb556c50c9e8de78 -> 
  custom:audio-decoder-ogg-vorbis: bf7c407c2cedff20999df2af8eb42d56 -> 
========================================================================
Received Import Request.
  Time since last request: 67.884933 seconds.
  path: Assets/Scripts/Main/xuanzejuese.cs
  artifactKey: Guid(99a7b4819c55f6244ba4878ab0ef02e1) Importer(815301076,1909f56bfc062723c751e8b465ee728b)
Start importing Assets/Scripts/Main/xuanzejuese.cs using Guid(99a7b4819c55f6244ba4878ab0ef02e1) Importer(815301076,1909f56bfc062723c751e8b465ee728b)  -> (artifact id: 'bc78b21ea40b4f1a212723816d0e7fa5') in 0.006126 seconds 
========================================================================
Received Import Request.
  Time since last request: 2.019413 seconds.
  path: Assets/Scripts/Main/meumshijain.cs
  artifactKey: Guid(95e1f4e8cb2d98649947eedc53b67fb4) Importer(815301076,1909f56bfc062723c751e8b465ee728b)
Start importing Assets/Scripts/Main/meumshijain.cs using Guid(95e1f4e8cb2d98649947eedc53b67fb4) Importer(815301076,1909f56bfc062723c751e8b465ee728b)  -> (artifact id: '86e1868b4578afde7693fd3061cbf312') in 0.004593 seconds 
========================================================================
Received Import Request.
  Time since last request: 21.436055 seconds.
  path: Assets/Scripts/Player/Healp.cs
  artifactKey: Guid(f04696c0eab68c34bb7c245011ed67d1) Importer(815301076,1909f56bfc062723c751e8b465ee728b)
Start importing Assets/Scripts/Player/Healp.cs using Guid(f04696c0eab68c34bb7c245011ed67d1) Importer(815301076,1909f56bfc062723c751e8b465ee728b)  -> (artifact id: '81e0068e694b69d8752985a52e374fcc') in 0.004814 seconds 
========================================================================
Received Import Request.
  Time since last request: 2.789906 seconds.
  path: Assets/Scripts/Player/PlayerColler.cs
  artifactKey: Guid(f5ae0d19eb7ed9b46b765a8e085ea51a) Importer(815301076,1909f56bfc062723c751e8b465ee728b)
Start importing Assets/Scripts/Player/PlayerColler.cs using Guid(f5ae0d19eb7ed9b46b765a8e085ea51a) Importer(815301076,1909f56bfc062723c751e8b465ee728b)  -> (artifact id: '09301d1fd5b822bd99260dfa65dbc4ca') in 0.004805 seconds 
========================================================================
Received Import Request.
  Time since last request: 33.014585 seconds.
  path: Assets/Scripts/Player/PlayerColler.cs
  artifactKey: Guid(f5ae0d19eb7ed9b46b765a8e085ea51a) Importer(815301076,1909f56bfc062723c751e8b465ee728b)
Start importing Assets/Scripts/Player/PlayerColler.cs using Guid(f5ae0d19eb7ed9b46b765a8e085ea51a) Importer(815301076,1909f56bfc062723c751e8b465ee728b)  -> (artifact id: '3fbd632e74a80236136d5ce46fe3f098') in 0.002171 seconds 
========================================================================
Received Prepare
Registering precompiled user dll's ...
Registered in 0.005550 seconds.
Begin MonoManager ReloadAssembly
Native extension for WindowsStandalone target not found
Refreshing native plugins compatible for Editor in 1.24 ms, found 3 plugins.
Preloading 0 native plugins for Editor in 0.00 ms.
[Package Manager] Server::EnsureServerProcessIsRunning -- launch failed, reason: Unity was launched with the -noUpm command-line argument
[Package Manager] UpmClient::Send -- Unable to send message (not connected to UPM process).
[Package Manager] Cannot connect to Unity Package Manager local server
Mono: successfully reloaded assembly
- Completed reload, in  0.895 seconds
Domain Reload Profiling:
	ReloadAssembly (897ms)
		BeginReloadAssembly (116ms)
			ExecutionOrderSort (0ms)
			DisableScriptedObjects (6ms)
			BackupInstance (0ms)
			ReleaseScriptingObjects (0ms)
			CreateAndSetChildDomain (36ms)
		EndReloadAssembly (697ms)
			LoadAssemblies (67ms)
			RebuildTransferFunctionScriptingTraits (0ms)
			SetupTypeCache (163ms)
				TypeCache.Initialize (159ms)
					TypeCache.ScanAssembly (155ms)
				ResolveRequiredComponents (4ms)
			ReleaseScriptCaches (1ms)
			RebuildScriptCaches (46ms)
			SetupLoadedEditorAssemblies (376ms)
				LogAssemblyErrors (0ms)
				InitializePlatformSupportModulesInManaged (10ms)
				SetLoadedEditorAssemblies (6ms)
				RefreshPlugins (1ms)
				BeforeProcessingInitializeOnLoad (56ms)
				ProcessInitializeOnLoadAttributes (183ms)
				ProcessInitializeOnLoadMethodAttributes (118ms)
				AfterProcessingInitializeOnLoad (2ms)
				EditorAssembliesLoaded (0ms)
			ExecutionOrderSort2 (0ms)
			AwakeInstancesAfterBackupRestoration (6ms)
Platform modules already initialized, skipping
Refreshing native plugins compatible for Editor in 4.63 ms, found 3 plugins.
Preloading 0 native plugins for Editor in 0.00 ms.
Unloading 2516 Unused Serialized files (Serialized files now loaded: 0)
Unloading 62 unused Assets / (0.7 MB). Loaded Objects now: 3081.
Memory consumption went from 435.7 MB to 435.0 MB.
Total: 5.872900 ms (FindLiveObjects: 0.350600 ms CreateObjectMapping: 0.081800 ms MarkObjects: 4.970400 ms  DeleteObjects: 0.468300 ms)

AssetImportParameters requested are different than current active one (requested -> active):
  custom:video-decoder-ogg-theora: a1e56fd34408186e4bbccfd4996cb3dc -> 
  custom:container-muxer-webm: aa71ff27fc2769a1b78a27578f13a17b -> 
  custom:container-demuxer-webm: 4f35f7cbe854078d1ac9338744f61a02 -> 
  custom:video-encoder-webm-vp8: eb34c28f22e8b96e1ab97ce403110664 -> 
  custom:audio-encoder-webm-vorbis: bf7c407c2cedff20999df2af8eb42d56 -> 
  custom:framework-win-MediaFoundation: 216162199b28c13a410421893ffa2e32 -> 
  custom:container-demuxer-ogg: 62fdf1f143b41e24485cea50d1cbac27 -> 
  custom:video-decoder-webm-vp8: 9c59270c3fd7afecdb556c50c9e8de78 -> 
  custom:audio-decoder-ogg-vorbis: bf7c407c2cedff20999df2af8eb42d56 -> 
========================================================================
Received Import Request.
  Time since last request: 12.981443 seconds.
  path: Assets/Scripts/Player/change/changejinenghuan.cs
  artifactKey: Guid(f64369a70562f0c4aa41a09006a10311) Importer(815301076,1909f56bfc062723c751e8b465ee728b)
Start importing Assets/Scripts/Player/change/changejinenghuan.cs using Guid(f64369a70562f0c4aa41a09006a10311) Importer(815301076,1909f56bfc062723c751e8b465ee728b)  -> (artifact id: '5786e2cea26f9a6cf82b731138b0f988') in 0.005472 seconds 
========================================================================
Received Import Request.
  Time since last request: 1.171816 seconds.
  path: Assets/Scripts/Player/change/changekongzhi.cs
  artifactKey: Guid(058ce20aeebd10d438d4703435287d98) Importer(815301076,1909f56bfc062723c751e8b465ee728b)
Start importing Assets/Scripts/Player/change/changekongzhi.cs using Guid(058ce20aeebd10d438d4703435287d98) Importer(815301076,1909f56bfc062723c751e8b465ee728b)  -> (artifact id: 'a73168fb3606b99ee70c7f06c9970d0e') in 0.004676 seconds 
========================================================================
Received Import Request.
  Time since last request: 0.888568 seconds.
  path: Assets/Scripts/Player/change/jinengchange.cs
  artifactKey: Guid(470dcd70dd4323b4b98f8c787605a192) Importer(815301076,1909f56bfc062723c751e8b465ee728b)
Start importing Assets/Scripts/Player/change/jinengchange.cs using Guid(470dcd70dd4323b4b98f8c787605a192) Importer(815301076,1909f56bfc062723c751e8b465ee728b)  -> (artifact id: '53025a6116fcd42ac773e565b12b3ad1') in 0.005739 seconds 
========================================================================
Received Import Request.
  Time since last request: 0.535608 seconds.
  path: Assets/Scripts/Player/change/jinengqiu.cs
  artifactKey: Guid(7c31c02eedf5d814887b23d2044eb7bb) Importer(815301076,1909f56bfc062723c751e8b465ee728b)
Start importing Assets/Scripts/Player/change/jinengqiu.cs using Guid(7c31c02eedf5d814887b23d2044eb7bb) Importer(815301076,1909f56bfc062723c751e8b465ee728b)  -> (artifact id: 'adb007c3e5b09c60f26c658a7cf70c3a') in 0.004837 seconds 
========================================================================
Received Import Request.
  Time since last request: 15.795252 seconds.
  path: Assets/Scripts/PassedGame.cs
  artifactKey: Guid(2c118b8e19f564247b61df52b6ac1120) Importer(815301076,1909f56bfc062723c751e8b465ee728b)
Start importing Assets/Scripts/PassedGame.cs using Guid(2c118b8e19f564247b61df52b6ac1120) Importer(815301076,1909f56bfc062723c751e8b465ee728b)  -> (artifact id: '3ecd9a2b59cd33c1026e557fb7e218fb') in 0.004966 seconds 
========================================================================
Received Import Request.
  Time since last request: 0.559958 seconds.
  path: Assets/Scripts/Score.cs
  artifactKey: Guid(f35e469ad7e114844b1e9c1b1298f373) Importer(815301076,1909f56bfc062723c751e8b465ee728b)
Start importing Assets/Scripts/Score.cs using Guid(f35e469ad7e114844b1e9c1b1298f373) Importer(815301076,1909f56bfc062723c751e8b465ee728b)  -> (artifact id: '7609028066d0ddb18e001eced2fb0fee') in 0.004919 seconds 
========================================================================
Received Import Request.
  Time since last request: 0.403570 seconds.
  path: Assets/Scripts/shoufen.cs
  artifactKey: Guid(dd84ebc4ab673ca4b9205690779fb2f8) Importer(815301076,1909f56bfc062723c751e8b465ee728b)
Start importing Assets/Scripts/shoufen.cs using Guid(dd84ebc4ab673ca4b9205690779fb2f8) Importer(815301076,1909f56bfc062723c751e8b465ee728b)  -> (artifact id: 'a4c5c789ae6c78a25570ad5c8e325a11') in 0.005092 seconds 
========================================================================
Received Import Request.
  Time since last request: 0.461858 seconds.
  path: Assets/Scripts/Swtich.cs
  artifactKey: Guid(0440575bd5d31ab45b78fb8555f8c9c5) Importer(815301076,1909f56bfc062723c751e8b465ee728b)
Start importing Assets/Scripts/Swtich.cs using Guid(0440575bd5d31ab45b78fb8555f8c9c5) Importer(815301076,1909f56bfc062723c751e8b465ee728b)  -> (artifact id: '72c586c2efcc0b8192cc82218e8479c8') in 0.004113 seconds 
========================================================================
Received Import Request.
  Time since last request: 0.493640 seconds.
  path: Assets/Scripts/Voice.cs
  artifactKey: Guid(7678b5980949bd94f84c56c0ce9e24a2) Importer(815301076,1909f56bfc062723c751e8b465ee728b)
Start importing Assets/Scripts/Voice.cs using Guid(7678b5980949bd94f84c56c0ce9e24a2) Importer(815301076,1909f56bfc062723c751e8b465ee728b)  -> (artifact id: '95d2a591c31e8407d30c9d636c15227d') in 0.004619 seconds 
========================================================================
Received Import Request.
  Time since last request: 0.425154 seconds.
  path: Assets/Scripts/zhaung.cs
  artifactKey: Guid(c92e87c508fb573479b61bd9da729af5) Importer(815301076,1909f56bfc062723c751e8b465ee728b)
Start importing Assets/Scripts/zhaung.cs using Guid(c92e87c508fb573479b61bd9da729af5) Importer(815301076,1909f56bfc062723c751e8b465ee728b)  -> (artifact id: 'ac32ae21f4f4be58d18d213ea6031a3c') in 0.004811 seconds 
========================================================================
Received Import Request.
  Time since last request: 10.879627 seconds.
  path: Assets/Scenes/Level1/NavMesh.asset
  artifactKey: Guid(34a7a37509847bf4fbe5819b29dbac5a) Importer(815301076,1909f56bfc062723c751e8b465ee728b)
Start importing Assets/Scenes/Level1/NavMesh.asset using Guid(34a7a37509847bf4fbe5819b29dbac5a) Importer(815301076,1909f56bfc062723c751e8b465ee728b)  -> (artifact id: '68d818539b1fa49d5f0f76e3b9800785') in 0.056380 seconds 
========================================================================
Received Import Request.
  Time since last request: 28.139228 seconds.
  path: Assets/Top Down Mobile
  artifactKey: Guid(332d1a2b24150a4478541741efb0cb2e) Importer(815301076,1909f56bfc062723c751e8b465ee728b)
Start importing Assets/Top Down Mobile using Guid(332d1a2b24150a4478541741efb0cb2e) Importer(815301076,1909f56bfc062723c751e8b465ee728b)  -> (artifact id: 'c481ee5cb1714f0d34864a3188338a41') in 0.004660 seconds 
========================================================================
Received Import Request.
  Time since last request: 0.440721 seconds.
  path: Assets/Texture
  artifactKey: Guid(712fd34b4fd6c7e449b9bf0bd9ebe48d) Importer(815301076,1909f56bfc062723c751e8b465ee728b)
Start importing Assets/Texture using Guid(712fd34b4fd6c7e449b9bf0bd9ebe48d) Importer(815301076,1909f56bfc062723c751e8b465ee728b)  -> (artifact id: 'cd4fc93a67152341b5be19594b3bb963') in 0.004544 seconds 
========================================================================
Received Import Request.
  Time since last request: 0.991940 seconds.
  path: Assets/Texture/nezha
  artifactKey: Guid(49a6ad12c05e4b94c9ca224eabd30e82) Importer(815301076,1909f56bfc062723c751e8b465ee728b)
Start importing Assets/Texture/nezha using Guid(49a6ad12c05e4b94c9ca224eabd30e82) Importer(815301076,1909f56bfc062723c751e8b465ee728b)  -> (artifact id: 'ee38b12e4e58373beb6a2f26f75ef36a') in 0.004479 seconds 
========================================================================
Received Import Request.
  Time since last request: 0.827181 seconds.
  path: Assets/Texture/nezha/nezhajinenger.cs
  artifactKey: Guid(0c5b72027453b1b418fa23312e7fb1bf) Importer(815301076,1909f56bfc062723c751e8b465ee728b)
Start importing Assets/Texture/nezha/nezhajinenger.cs using Guid(0c5b72027453b1b418fa23312e7fb1bf) Importer(815301076,1909f56bfc062723c751e8b465ee728b)  -> (artifact id: 'fe91581c22d82965cbe743aeae24761d') in 0.004864 seconds 
========================================================================
Received Import Request.
  Time since last request: 2.067341 seconds.
  path: Assets/Texture/nezha/nezhajineng.cs
  artifactKey: Guid(2da59122b4104604395cfcaa37d11ae5) Importer(815301076,1909f56bfc062723c751e8b465ee728b)
Start importing Assets/Texture/nezha/nezhajineng.cs using Guid(2da59122b4104604395cfcaa37d11ae5) Importer(815301076,1909f56bfc062723c751e8b465ee728b)  -> (artifact id: '0fce38fbd87da4277704658349f75497') in 0.004696 seconds 
========================================================================
Received Import Request.
  Time since last request: 3.228878 seconds.
  path: Assets/Shaders
  artifactKey: Guid(57d8bb59a3f77894ba75ae5b9832cc7f) Importer(815301076,1909f56bfc062723c751e8b465ee728b)
Start importing Assets/Shaders using Guid(57d8bb59a3f77894ba75ae5b9832cc7f) Importer(815301076,1909f56bfc062723c751e8b465ee728b)  -> (artifact id: '2912417827264174866010da43d548ed') in 0.004491 seconds 
========================================================================
Received Import Request.
  Time since last request: 0.099851 seconds.
  path: Assets/Shaders/Enemy.mat
  artifactKey: Guid(260084bd5e31c4b41b8bb6872bccd34a) Importer(815301076,1909f56bfc062723c751e8b465ee728b)
Start importing Assets/Shaders/Enemy.mat using Guid(260084bd5e31c4b41b8bb6872bccd34a) Importer(815301076,1909f56bfc062723c751e8b465ee728b)  -> (artifact id: 'eaf4fe900c0075aa14b9a2f8932a0ef6') in 0.120534 seconds 
========================================================================
Received Import Request.
  Time since last request: 1.020543 seconds.
  path: Assets/Shaders/jieshu.cs
  artifactKey: Guid(c0b4fa5cfa3643d468a126e19db9ddd2) Importer(815301076,1909f56bfc062723c751e8b465ee728b)
Start importing Assets/Shaders/jieshu.cs using Guid(c0b4fa5cfa3643d468a126e19db9ddd2) Importer(815301076,1909f56bfc062723c751e8b465ee728b)  -> (artifact id: '5e684bbe54bcb53fa0e641813d34a69b') in 0.005083 seconds 
========================================================================
Received Import Request.
  Time since last request: 0.860646 seconds.
  path: Assets/Shaders/mianban.cs
  artifactKey: Guid(6c7b11d75d115a04a802ec1b0b88525a) Importer(815301076,1909f56bfc062723c751e8b465ee728b)
Start importing Assets/Shaders/mianban.cs using Guid(6c7b11d75d115a04a802ec1b0b88525a) Importer(815301076,1909f56bfc062723c751e8b465ee728b)  -> (artifact id: 'dbdec8bfaff21332e50cec4bad66e8d4') in 0.004636 seconds 
========================================================================
Received Import Request.
  Time since last request: 5.595109 seconds.
  path: Assets/Resources
  artifactKey: Guid(69acc288a10ae6a4bb42ce2055dede9b) Importer(815301076,1909f56bfc062723c751e8b465ee728b)
Start importing Assets/Resources using Guid(69acc288a10ae6a4bb42ce2055dede9b) Importer(815301076,1909f56bfc062723c751e8b465ee728b)  -> (artifact id: 'd0ea81e216cd293d34213e25a29bceaa') in 0.004264 seconds 
========================================================================
Received Import Request.
  Time since last request: 5.907035 seconds.
  path: Assets/ActionMaterial/FT_ImpactEffects_volume01
  artifactKey: Guid(a4b5cf44e11ea4b438eb6a371fa3bf6d) Importer(815301076,1909f56bfc062723c751e8b465ee728b)
Start importing Assets/ActionMaterial/FT_ImpactEffects_volume01 using Guid(a4b5cf44e11ea4b438eb6a371fa3bf6d) Importer(815301076,1909f56bfc062723c751e8b465ee728b)  -> (artifact id: '8b937fe629ac299f2c8fd38df9dd07d6') in 0.004161 seconds 
========================================================================
Received Import Request.
  Time since last request: 1.567908 seconds.
  path: Assets/ActionMaterial/FT_ImpactEffects_volume01/Script
  artifactKey: Guid(6b923d256850560428f632f03a4341d6) Importer(815301076,1909f56bfc062723c751e8b465ee728b)
Start importing Assets/ActionMaterial/FT_ImpactEffects_volume01/Script using Guid(6b923d256850560428f632f03a4341d6) Importer(815301076,1909f56bfc062723c751e8b465ee728b)  -> (artifact id: 'db6fb26399c929d20e259594e377ec62') in 0.004531 seconds 
========================================================================
Received Import Request.
  Time since last request: 9.307308 seconds.
  path: Assets/fabao/fabao
  artifactKey: Guid(baecb840603b7204c8a05574462e8dc9) Importer(815301076,1909f56bfc062723c751e8b465ee728b)
Start importing Assets/fabao/fabao using Guid(baecb840603b7204c8a05574462e8dc9) Importer(815301076,1909f56bfc062723c751e8b465ee728b)  -> (artifact id: '7a61782d11cce2fd7d3af8b45a1b119f') in 0.004219 seconds 
========================================================================
Received Prepare
Registering precompiled user dll's ...
Registered in 0.004771 seconds.
Begin MonoManager ReloadAssembly
Native extension for WindowsStandalone target not found
Refreshing native plugins compatible for Editor in 1.30 ms, found 3 plugins.
Preloading 0 native plugins for Editor in 0.00 ms.
[Package Manager] Server::EnsureServerProcessIsRunning -- launch failed, reason: Unity was launched with the -noUpm command-line argument
[Package Manager] UpmClient::Send -- Unable to send message (not connected to UPM process).
[Package Manager] Cannot connect to Unity Package Manager local server
Mono: successfully reloaded assembly
- Completed reload, in  0.917 seconds
Domain Reload Profiling:
	ReloadAssembly (918ms)
		BeginReloadAssembly (119ms)
			ExecutionOrderSort (0ms)
			DisableScriptedObjects (5ms)
			BackupInstance (0ms)
			ReleaseScriptingObjects (0ms)
			CreateAndSetChildDomain (35ms)
		EndReloadAssembly (717ms)
			LoadAssemblies (74ms)
			RebuildTransferFunctionScriptingTraits (0ms)
			SetupTypeCache (166ms)
				TypeCache.Initialize (162ms)
					TypeCache.ScanAssembly (157ms)
				ResolveRequiredComponents (4ms)
			ReleaseScriptCaches (2ms)
			RebuildScriptCaches (50ms)
			SetupLoadedEditorAssemblies (384ms)
				LogAssemblyErrors (0ms)
				InitializePlatformSupportModulesInManaged (11ms)
				SetLoadedEditorAssemblies (6ms)
				RefreshPlugins (1ms)
				BeforeProcessingInitializeOnLoad (59ms)
				ProcessInitializeOnLoadAttributes (189ms)
				ProcessInitializeOnLoadMethodAttributes (115ms)
				AfterProcessingInitializeOnLoad (2ms)
				EditorAssembliesLoaded (0ms)
			ExecutionOrderSort2 (0ms)
			AwakeInstancesAfterBackupRestoration (6ms)
Platform modules already initialized, skipping
Refreshing native plugins compatible for Editor in 4.57 ms, found 3 plugins.
Preloading 0 native plugins for Editor in 0.00 ms.
Unloading 2516 Unused Serialized files (Serialized files now loaded: 0)
Unloading 62 unused Assets / (0.7 MB). Loaded Objects now: 3084.
Memory consumption went from 435.7 MB to 435.0 MB.
Total: 5.638300 ms (FindLiveObjects: 0.196300 ms CreateObjectMapping: 0.064400 ms MarkObjects: 4.988300 ms  DeleteObjects: 0.388200 ms)

AssetImportParameters requested are different than current active one (requested -> active):
  custom:video-decoder-ogg-theora: a1e56fd34408186e4bbccfd4996cb3dc -> 
  custom:container-muxer-webm: aa71ff27fc2769a1b78a27578f13a17b -> 
  custom:container-demuxer-webm: 4f35f7cbe854078d1ac9338744f61a02 -> 
  custom:video-encoder-webm-vp8: eb34c28f22e8b96e1ab97ce403110664 -> 
  custom:audio-encoder-webm-vorbis: bf7c407c2cedff20999df2af8eb42d56 -> 
  custom:framework-win-MediaFoundation: 216162199b28c13a410421893ffa2e32 -> 
  custom:container-demuxer-ogg: 62fdf1f143b41e24485cea50d1cbac27 -> 
  custom:video-decoder-webm-vp8: 9c59270c3fd7afecdb556c50c9e8de78 -> 
  custom:audio-decoder-ogg-vorbis: bf7c407c2cedff20999df2af8eb42d56 -> 
========================================================================
Received Prepare
Registering precompiled user dll's ...
Registered in 0.005183 seconds.
Begin MonoManager ReloadAssembly
Native extension for WindowsStandalone target not found
Refreshing native plugins compatible for Editor in 1.34 ms, found 3 plugins.
Preloading 0 native plugins for Editor in 0.00 ms.
[Package Manager] Server::EnsureServerProcessIsRunning -- launch failed, reason: Unity was launched with the -noUpm command-line argument
[Package Manager] UpmClient::Send -- Unable to send message (not connected to UPM process).
[Package Manager] Cannot connect to Unity Package Manager local server
Mono: successfully reloaded assembly
- Completed reload, in  0.927 seconds
Domain Reload Profiling:
	ReloadAssembly (928ms)
		BeginReloadAssembly (117ms)
			ExecutionOrderSort (0ms)
			DisableScriptedObjects (7ms)
			BackupInstance (0ms)
			ReleaseScriptingObjects (0ms)
			CreateAndSetChildDomain (36ms)
		EndReloadAssembly (733ms)
			LoadAssemblies (67ms)
			RebuildTransferFunctionScriptingTraits (0ms)
			SetupTypeCache (191ms)
				TypeCache.Initialize (187ms)
					TypeCache.ScanAssembly (183ms)
				ResolveRequiredComponents (4ms)
			ReleaseScriptCaches (2ms)
			RebuildScriptCaches (47ms)
			SetupLoadedEditorAssemblies (380ms)
				LogAssemblyErrors (0ms)
				InitializePlatformSupportModulesInManaged (10ms)
				SetLoadedEditorAssemblies (6ms)
				RefreshPlugins (1ms)
				BeforeProcessingInitializeOnLoad (58ms)
				ProcessInitializeOnLoadAttributes (184ms)
				ProcessInitializeOnLoadMethodAttributes (117ms)
				AfterProcessingInitializeOnLoad (2ms)
				EditorAssembliesLoaded (0ms)
			ExecutionOrderSort2 (0ms)
			AwakeInstancesAfterBackupRestoration (6ms)
Platform modules already initialized, skipping
Refreshing native plugins compatible for Editor in 4.40 ms, found 3 plugins.
Preloading 0 native plugins for Editor in 0.00 ms.
Unloading 2517 Unused Serialized files (Serialized files now loaded: 0)
Unloading 62 unused Assets / (0.7 MB). Loaded Objects now: 3087.
Memory consumption went from 436.0 MB to 435.2 MB.
Total: 5.711800 ms (FindLiveObjects: 0.235000 ms CreateObjectMapping: 0.064600 ms MarkObjects: 4.999000 ms  DeleteObjects: 0.411500 ms)

AssetImportParameters requested are different than current active one (requested -> active):
  custom:video-decoder-ogg-theora: a1e56fd34408186e4bbccfd4996cb3dc -> 
  custom:container-muxer-webm: aa71ff27fc2769a1b78a27578f13a17b -> 
  custom:container-demuxer-webm: 4f35f7cbe854078d1ac9338744f61a02 -> 
  custom:video-encoder-webm-vp8: eb34c28f22e8b96e1ab97ce403110664 -> 
  custom:audio-encoder-webm-vorbis: bf7c407c2cedff20999df2af8eb42d56 -> 
  custom:framework-win-MediaFoundation: 216162199b28c13a410421893ffa2e32 -> 
  custom:container-demuxer-ogg: 62fdf1f143b41e24485cea50d1cbac27 -> 
  custom:video-decoder-webm-vp8: 9c59270c3fd7afecdb556c50c9e8de78 -> 
  custom:audio-decoder-ogg-vorbis: bf7c407c2cedff20999df2af8eb42d56 -> 
========================================================================
Received Prepare
Registering precompiled user dll's ...
Registered in 0.005199 seconds.
Begin MonoManager ReloadAssembly
Native extension for WindowsStandalone target not found
Refreshing native plugins compatible for Editor in 1.62 ms, found 3 plugins.
Preloading 0 native plugins for Editor in 0.00 ms.
[Package Manager] Server::EnsureServerProcessIsRunning -- launch failed, reason: Unity was launched with the -noUpm command-line argument
[Package Manager] UpmClient::Send -- Unable to send message (not connected to UPM process).
[Package Manager] Cannot connect to Unity Package Manager local server
Mono: successfully reloaded assembly
- Completed reload, in  0.968 seconds
Domain Reload Profiling:
	ReloadAssembly (968ms)
		BeginReloadAssembly (118ms)
			ExecutionOrderSort (0ms)
			DisableScriptedObjects (6ms)
			BackupInstance (0ms)
			ReleaseScriptingObjects (0ms)
			CreateAndSetChildDomain (33ms)
		EndReloadAssembly (769ms)
			LoadAssemblies (75ms)
			RebuildTransferFunctionScriptingTraits (0ms)
			SetupTypeCache (162ms)
				TypeCache.Initialize (158ms)
					TypeCache.ScanAssembly (152ms)
				ResolveRequiredComponents (4ms)
			ReleaseScriptCaches (2ms)
			RebuildScriptCaches (49ms)
			SetupLoadedEditorAssemblies (438ms)
				LogAssemblyErrors (0ms)
				InitializePlatformSupportModulesInManaged (10ms)
				SetLoadedEditorAssemblies (7ms)
				RefreshPlugins (2ms)
				BeforeProcessingInitializeOnLoad (61ms)
				ProcessInitializeOnLoadAttributes (240ms)
				ProcessInitializeOnLoadMethodAttributes (116ms)
				AfterProcessingInitializeOnLoad (2ms)
				EditorAssembliesLoaded (0ms)
			ExecutionOrderSort2 (0ms)
			AwakeInstancesAfterBackupRestoration (6ms)
Platform modules already initialized, skipping
Refreshing native plugins compatible for Editor in 4.49 ms, found 3 plugins.
Preloading 0 native plugins for Editor in 0.00 ms.
Unloading 2517 Unused Serialized files (Serialized files now loaded: 0)
Unloading 62 unused Assets / (0.7 MB). Loaded Objects now: 3090.
Memory consumption went from 436.0 MB to 435.2 MB.
Total: 5.406500 ms (FindLiveObjects: 0.257300 ms CreateObjectMapping: 0.066900 ms MarkObjects: 4.681900 ms  DeleteObjects: 0.399100 ms)

AssetImportParameters requested are different than current active one (requested -> active):
  custom:video-decoder-ogg-theora: a1e56fd34408186e4bbccfd4996cb3dc -> 
  custom:container-muxer-webm: aa71ff27fc2769a1b78a27578f13a17b -> 
  custom:container-demuxer-webm: 4f35f7cbe854078d1ac9338744f61a02 -> 
  custom:video-encoder-webm-vp8: eb34c28f22e8b96e1ab97ce403110664 -> 
  custom:audio-encoder-webm-vorbis: bf7c407c2cedff20999df2af8eb42d56 -> 
  custom:framework-win-MediaFoundation: 216162199b28c13a410421893ffa2e32 -> 
  custom:container-demuxer-ogg: 62fdf1f143b41e24485cea50d1cbac27 -> 
  custom:video-decoder-webm-vp8: 9c59270c3fd7afecdb556c50c9e8de78 -> 
  custom:audio-decoder-ogg-vorbis: bf7c407c2cedff20999df2af8eb42d56 -> 
========================================================================
Received Prepare
Registering precompiled user dll's ...
Registered in 0.005091 seconds.
Begin MonoManager ReloadAssembly
Native extension for WindowsStandalone target not found
Refreshing native plugins compatible for Editor in 1.33 ms, found 3 plugins.
Preloading 0 native plugins for Editor in 0.00 ms.
[Package Manager] Server::EnsureServerProcessIsRunning -- launch failed, reason: Unity was launched with the -noUpm command-line argument
[Package Manager] UpmClient::Send -- Unable to send message (not connected to UPM process).
[Package Manager] Cannot connect to Unity Package Manager local server
Mono: successfully reloaded assembly
- Completed reload, in  0.973 seconds
Domain Reload Profiling:
	ReloadAssembly (973ms)
		BeginReloadAssembly (121ms)
			ExecutionOrderSort (0ms)
			DisableScriptedObjects (6ms)
			BackupInstance (0ms)
			ReleaseScriptingObjects (0ms)
			CreateAndSetChildDomain (36ms)
		EndReloadAssembly (771ms)
			LoadAssemblies (74ms)
			RebuildTransferFunctionScriptingTraits (0ms)
			SetupTypeCache (169ms)
				TypeCache.Initialize (164ms)
					TypeCache.ScanAssembly (160ms)
				ResolveRequiredComponents (4ms)
			ReleaseScriptCaches (2ms)
			RebuildScriptCaches (48ms)
			SetupLoadedEditorAssemblies (432ms)
				LogAssemblyErrors (0ms)
				InitializePlatformSupportModulesInManaged (10ms)
				SetLoadedEditorAssemblies (6ms)
				RefreshPlugins (1ms)
				BeforeProcessingInitializeOnLoad (63ms)
				ProcessInitializeOnLoadAttributes (203ms)
				ProcessInitializeOnLoadMethodAttributes (146ms)
				AfterProcessingInitializeOnLoad (3ms)
				EditorAssembliesLoaded (0ms)
			ExecutionOrderSort2 (0ms)
			AwakeInstancesAfterBackupRestoration (7ms)
Platform modules already initialized, skipping
Refreshing native plugins compatible for Editor in 6.24 ms, found 3 plugins.
Preloading 0 native plugins for Editor in 0.00 ms.
Unloading 2517 Unused Serialized files (Serialized files now loaded: 0)
Unloading 62 unused Assets / (0.7 MB). Loaded Objects now: 3093.
Memory consumption went from 436.0 MB to 435.3 MB.
Total: 5.775200 ms (FindLiveObjects: 0.260600 ms CreateObjectMapping: 0.074300 ms MarkObjects: 5.012300 ms  DeleteObjects: 0.427100 ms)

AssetImportParameters requested are different than current active one (requested -> active):
  custom:video-decoder-ogg-theora: a1e56fd34408186e4bbccfd4996cb3dc -> 
  custom:container-muxer-webm: aa71ff27fc2769a1b78a27578f13a17b -> 
  custom:container-demuxer-webm: 4f35f7cbe854078d1ac9338744f61a02 -> 
  custom:video-encoder-webm-vp8: eb34c28f22e8b96e1ab97ce403110664 -> 
  custom:audio-encoder-webm-vorbis: bf7c407c2cedff20999df2af8eb42d56 -> 
  custom:framework-win-MediaFoundation: 216162199b28c13a410421893ffa2e32 -> 
  custom:container-demuxer-ogg: 62fdf1f143b41e24485cea50d1cbac27 -> 
  custom:video-decoder-webm-vp8: 9c59270c3fd7afecdb556c50c9e8de78 -> 
  custom:audio-decoder-ogg-vorbis: bf7c407c2cedff20999df2af8eb42d56 -> 
